<?xml version="1.0" encoding="UTF-8"?>
<coverage generated="1772686361166" clover="3.2.0">
  <project timestamp="1772686361166" name="All files">
    <metrics statements="74" coveredstatements="74" conditionals="71" coveredconditionals="71" methods="26" coveredmethods="26" elements="171" coveredelements="171" complexity="0" loc="74" ncloc="74" packages="3" files="5" classes="5"/>
    <package name="Kraken-Gameday-App">
      <metrics statements="25" coveredstatements="25" conditionals="6" coveredconditionals="6" methods="6" coveredmethods="6"/>
      <file name="App.tsx" path="C:\Code\GitHub\KrakenApp\Kraken-Gameday-App\App.tsx">
        <metrics statements="25" coveredstatements="25" conditionals="6" coveredconditionals="6" methods="6" coveredmethods="6"/>
        <line num="13" count="30" type="stmt"/>
        <line num="14" count="30" type="stmt"/>
        <line num="15" count="30" type="stmt"/>
        <line num="16" count="30" type="stmt"/>
        <line num="17" count="30" type="stmt"/>
        <line num="18" count="30" type="stmt"/>
        <line num="20" count="30" type="cond" truecount="2" falsecount="0"/>
        <line num="21" count="671" type="cond" truecount="2" falsecount="0"/>
        <line num="24" count="30" type="stmt"/>
        <line num="25" count="13" type="cond" truecount="2" falsecount="0"/>
        <line num="26" count="1" type="stmt"/>
        <line num="27" count="1" type="stmt"/>
        <line num="28" count="1" type="stmt"/>
        <line num="31" count="12" type="stmt"/>
        <line num="32" count="12" type="stmt"/>
        <line num="35" count="12" type="stmt"/>
        <line num="36" count="12" type="stmt"/>
        <line num="37" count="11" type="stmt"/>
        <line num="39" count="1" type="stmt"/>
        <line num="41" count="12" type="stmt"/>
        <line num="45" count="12" type="stmt"/>
        <line num="48" count="30" type="stmt"/>
        <line num="50" count="2" type="stmt"/>
        <line num="65" count="1" type="stmt"/>
        <line num="72" count="1" type="stmt"/>
      </file>
    </package>
    <package name="Kraken-Gameday-App.components">
      <metrics statements="28" coveredstatements="28" conditionals="45" coveredconditionals="45" methods="14" coveredmethods="14"/>
      <file name="GameCard.tsx" path="C:\Code\GitHub\KrakenApp\Kraken-Gameday-App\components\GameCard.tsx">
        <metrics statements="5" coveredstatements="5" conditionals="15" coveredconditionals="15" methods="1" coveredmethods="1"/>
        <line num="10" count="12" type="stmt"/>
        <line num="11" count="12" type="stmt"/>
        <line num="12" count="12" type="cond" truecount="2" falsecount="0"/>
        <line num="14" count="12" type="stmt"/>
        <line num="34" count="2" type="stmt"/>
      </file>
      <file name="GameList.tsx" path="C:\Code\GitHub\KrakenApp\Kraken-Gameday-App\components\GameList.tsx">
        <metrics statements="14" coveredstatements="14" conditionals="18" coveredconditionals="18" methods="8" coveredmethods="8"/>
        <line num="17" count="8" type="stmt"/>
        <line num="18" count="8" type="cond" truecount="2" falsecount="0"/>
        <line num="22" count="8" type="cond" truecount="2" falsecount="0"/>
        <line num="23" count="1" type="stmt"/>
        <line num="30" count="7" type="cond" truecount="2" falsecount="0"/>
        <line num="31" count="1" type="stmt"/>
        <line num="38" count="6" type="stmt"/>
        <line num="39" count="6" type="cond" truecount="2" falsecount="0"/>
        <line num="42" count="6" type="stmt"/>
        <line num="47" count="1" type="stmt"/>
        <line num="53" count="1" type="stmt"/>
        <line num="61" count="8" type="stmt"/>
        <line num="63" count="5" type="stmt"/>
        <line num="74" count="1" type="stmt"/>
      </file>
      <file name="TeamSelector.tsx" path="C:\Code\GitHub\KrakenApp\Kraken-Gameday-App\components\TeamSelector.tsx">
        <metrics statements="9" coveredstatements="9" conditionals="12" coveredconditionals="12" methods="5" coveredmethods="5"/>
        <line num="12" count="8" type="stmt"/>
        <line num="13" count="2" type="stmt"/>
        <line num="14" count="2" type="stmt"/>
        <line num="17" count="8" type="stmt"/>
        <line num="30" count="1" type="stmt"/>
        <line num="43" count="256" type="stmt"/>
        <line num="44" count="256" type="stmt"/>
        <line num="48" count="1" type="stmt"/>
        <line num="69" count="1" type="stmt"/>
      </file>
    </package>
    <package name="Kraken-Gameday-App.services">
      <metrics statements="21" coveredstatements="21" conditionals="20" coveredconditionals="20" methods="6" coveredmethods="6"/>
      <file name="nhlApi.ts" path="C:\Code\GitHub\KrakenApp\Kraken-Gameday-App\services\nhlApi.ts">
        <metrics statements="21" coveredstatements="21" conditionals="20" coveredconditionals="20" methods="6" coveredmethods="6"/>
        <line num="3" count="1" type="stmt"/>
        <line num="28" count="8" type="cond" truecount="2" falsecount="0"/>
        <line num="29" count="6" type="cond" truecount="2" falsecount="0"/>
        <line num="30" count="3" type="stmt"/>
        <line num="34" count="14" type="stmt"/>
        <line num="35" count="14" type="cond" truecount="2" falsecount="0"/>
        <line num="39" count="8" type="stmt"/>
        <line num="40" count="8" type="cond" truecount="2" falsecount="0"/>
        <line num="41" count="8" type="cond" truecount="2" falsecount="0"/>
        <line num="42" count="8" type="stmt"/>
        <line num="43" count="8" type="cond" truecount="2" falsecount="0"/>
        <line num="45" count="8" type="stmt"/>
        <line num="69" count="14" type="stmt"/>
        <line num="70" count="14" type="stmt"/>
        <line num="71" count="14" type="stmt"/>
        <line num="73" count="13" type="cond" truecount="2" falsecount="0"/>
        <line num="74" count="1" type="stmt"/>
        <line num="77" count="12" type="stmt"/>
        <line num="78" count="12" type="stmt"/>
        <line num="80" count="2" type="stmt"/>
        <line num="85" count="1" type="stmt"/>
      </file>
    </package>
  </project>
</coverage>
