<?xml version="1.0" encoding="UTF-8"?>
<coverage generated="1772687510825" clover="3.2.0">
  <project timestamp="1772687510826" name="All files">
    <metrics statements="98" coveredstatements="98" conditionals="91" coveredconditionals="91" methods="32" coveredmethods="32" elements="221" coveredelements="221" complexity="0" loc="98" ncloc="98" packages="3" files="5" classes="5"/>
    <package name="Kraken-Gameday-App">
      <metrics statements="21" coveredstatements="21" conditionals="6" coveredconditionals="6" methods="6" coveredmethods="6"/>
      <file name="App.tsx" path="C:\Code\GitHub\KrakenApp\Kraken-Gameday-App\App.tsx">
        <metrics statements="21" coveredstatements="21" conditionals="6" coveredconditionals="6" methods="6" coveredmethods="6"/>
        <line num="13" count="38" type="stmt"/>
        <line num="14" count="38" type="stmt"/>
        <line num="15" count="38" type="stmt"/>
        <line num="16" count="38" type="stmt"/>
        <line num="17" count="38" type="stmt"/>
        <line num="18" count="38" type="stmt"/>
        <line num="20" count="38" type="cond" truecount="2" falsecount="0"/>
        <line num="21" count="763" type="cond" truecount="2" falsecount="0"/>
        <line num="24" count="38" type="stmt"/>
        <line num="25" count="16" type="stmt"/>
        <line num="26" count="16" type="stmt"/>
        <line num="29" count="16" type="stmt"/>
        <line num="30" count="16" type="cond" truecount="2" falsecount="0"/>
        <line num="33" count="14" type="stmt"/>
        <line num="35" count="2" type="stmt"/>
        <line num="37" count="16" type="stmt"/>
        <line num="41" count="16" type="stmt"/>
        <line num="44" count="38" type="stmt"/>
        <line num="46" count="2" type="stmt"/>
        <line num="62" count="1" type="stmt"/>
        <line num="69" count="1" type="stmt"/>
      </file>
    </package>
    <package name="Kraken-Gameday-App.components">
      <metrics statements="44" coveredstatements="44" conditionals="59" coveredconditionals="59" methods="16" coveredmethods="16"/>
      <file name="GameCard.tsx" path="C:\Code\GitHub\KrakenApp\Kraken-Gameday-App\components\GameCard.tsx">
        <metrics statements="5" coveredstatements="5" conditionals="20" coveredconditionals="20" methods="1" coveredmethods="1"/>
        <line num="11" count="18" type="stmt"/>
        <line num="12" count="18" type="stmt"/>
        <line num="13" count="18" type="cond" truecount="2" falsecount="0"/>
        <line num="15" count="18" type="stmt"/>
        <line num="39" count="2" type="stmt"/>
      </file>
      <file name="GameList.tsx" path="C:\Code\GitHub\KrakenApp\Kraken-Gameday-App\components\GameList.tsx">
        <metrics statements="30" coveredstatements="30" conditionals="27" coveredconditionals="27" methods="10" coveredmethods="10"/>
        <line num="19" count="11" type="stmt"/>
        <line num="20" count="11" type="cond" truecount="2" falsecount="0"/>
        <line num="24" count="11" type="cond" truecount="2" falsecount="0"/>
        <line num="25" count="1" type="stmt"/>
        <line num="32" count="10" type="cond" truecount="2" falsecount="0"/>
        <line num="33" count="1" type="stmt"/>
        <line num="40" count="9" type="cond" truecount="2" falsecount="0"/>
        <line num="41" count="3" type="stmt"/>
        <line num="42" count="3" type="stmt"/>
        <line num="43" count="4" type="cond" truecount="2" falsecount="0"/>
        <line num="44" count="4" type="stmt"/>
        <line num="45" count="4" type="stmt"/>
        <line num="48" count="3" type="stmt"/>
        <line num="49" count="3" type="stmt"/>
        <line num="50" count="3" type="stmt"/>
        <line num="51" count="3" type="stmt"/>
        <line num="52" count="4" type="stmt"/>
        <line num="56" count="3" type="stmt"/>
        <line num="60" count="9" type="cond" truecount="2" falsecount="0"/>
        <line num="62" count="7" type="cond" truecount="2" falsecount="0"/>
        <line num="63" count="3" type="stmt"/>
        <line num="65" count="4" type="stmt"/>
        <line num="73" count="6" type="stmt"/>
        <line num="74" count="6" type="cond" truecount="2" falsecount="0"/>
        <line num="77" count="6" type="stmt"/>
        <line num="82" count="1" type="stmt"/>
        <line num="88" count="1" type="stmt"/>
        <line num="96" count="8" type="stmt"/>
        <line num="98" count="5" type="stmt"/>
        <line num="109" count="1" type="stmt"/>
      </file>
      <file name="TeamSelector.tsx" path="C:\Code\GitHub\KrakenApp\Kraken-Gameday-App\components\TeamSelector.tsx">
        <metrics statements="9" coveredstatements="9" conditionals="12" coveredconditionals="12" methods="5" coveredmethods="5"/>
        <line num="12" count="8" type="stmt"/>
        <line num="13" count="2" type="stmt"/>
        <line num="14" count="2" type="stmt"/>
        <line num="17" count="8" type="stmt"/>
        <line num="30" count="1" type="stmt"/>
        <line num="43" count="256" type="stmt"/>
        <line num="44" count="256" type="stmt"/>
        <line num="48" count="1" type="stmt"/>
        <line num="69" count="1" type="stmt"/>
      </file>
    </package>
    <package name="Kraken-Gameday-App.services">
      <metrics statements="33" coveredstatements="33" conditionals="26" coveredconditionals="26" methods="10" coveredmethods="10"/>
      <file name="nhlApi.ts" path="C:\Code\GitHub\KrakenApp\Kraken-Gameday-App\services\nhlApi.ts">
        <metrics statements="33" coveredstatements="33" conditionals="26" coveredconditionals="26" methods="10" coveredmethods="10"/>
        <line num="3" count="1" type="stmt"/>
        <line num="37" count="11" type="cond" truecount="2" falsecount="0"/>
        <line num="38" count="9" type="cond" truecount="2" falsecount="0"/>
        <line num="39" count="6" type="stmt"/>
        <line num="43" count="14" type="stmt"/>
        <line num="44" count="14" type="cond" truecount="2" falsecount="0"/>
        <line num="48" count="11" type="stmt"/>
        <line num="49" count="11" type="stmt"/>
        <line num="57" count="11" type="stmt"/>
        <line num="58" count="11" type="cond" truecount="2" falsecount="0"/>
        <line num="59" count="11" type="cond" truecount="2" falsecount="0"/>
        <line num="60" count="11" type="stmt"/>
        <line num="61" count="11" type="cond" truecount="2" falsecount="0"/>
        <line num="63" count="11" type="stmt"/>
        <line num="83" count="14" type="stmt"/>
        <line num="84" count="14" type="stmt"/>
        <line num="85" count="14" type="stmt"/>
        <line num="87" count="13" type="cond" truecount="2" falsecount="0"/>
        <line num="88" count="1" type="stmt"/>
        <line num="91" count="12" type="stmt"/>
        <line num="92" count="12" type="stmt"/>
        <line num="94" count="2" type="stmt"/>
        <line num="99" count="1" type="stmt"/>
        <line num="103" count="6" type="stmt"/>
        <line num="104" count="6" type="stmt"/>
        <line num="105" count="6" type="stmt"/>
        <line num="106" count="6" type="cond" truecount="2" falsecount="0"/>
        <line num="107" count="6" type="stmt"/>
        <line num="108" count="5" type="cond" truecount="2" falsecount="0"/>
        <line num="109" count="4" type="stmt"/>
        <line num="110" count="4" type="stmt"/>
        <line num="111" count="3" type="stmt"/>
        <line num="114" count="2" type="stmt"/>
      </file>
    </package>
  </project>
</coverage>
