{"C:\\Code\\GitHub\\KrakenApp\\Kraken-Gameday-App\\App.tsx": {"path":"C:\\Code\\GitHub\\KrakenApp\\Kraken-Gameday-App\\App.tsx","statementMap":{"0":{"start":{"line":9,"column":28},"end":{"line":9,"column":48}},"1":{"start":{"line":10,"column":32},"end":{"line":10,"column":55}},"2":{"start":{"line":11,"column":28},"end":{"line":11,"column":57}},"3":{"start":{"line":13,"column":2},"end":{"line":26,"column":9}},"4":{"start":{"line":15,"column":6},"end":{"line":22,"column":7}},"5":{"start":{"line":16,"column":21},"end":{"line":16,"column":46}},"6":{"start":{"line":17,"column":8},"end":{"line":17,"column":23}},"7":{"start":{"line":19,"column":8},"end":{"line":19,"column":51}},"8":{"start":{"line":21,"column":8},"end":{"line":21,"column":26}},"9":{"start":{"line":25,"column":4},"end":{"line":25,"column":19}},"10":{"start":{"line":28,"column":2},"end":{"line":34,"column":4}},"11":{"start":{"line":37,"column":15},"end":{"line":50,"column":2}}},"fnMap":{"0":{"name":"App","decl":{"start":{"line":8,"column":24},"end":{"line":8,"column":27}},"loc":{"start":{"line":8,"column":30},"end":{"line":35,"column":1}},"line":8},"1":{"name":"(anonymous_1)","decl":{"start":{"line":13,"column":12},"end":{"line":13,"column":13}},"loc":{"start":{"line":13,"column":18},"end":{"line":26,"column":3}},"line":13},"2":{"name":"loadSchedule","decl":{"start":{"line":14,"column":19},"end":{"line":14,"column":31}},"loc":{"start":{"line":14,"column":34},"end":{"line":23,"column":5}},"line":14}},"branchMap":{},"s":{"0":4,"1":4,"2":4,"3":4,"4":2,"5":2,"6":1,"7":1,"8":2,"9":2,"10":4,"11":1},"f":{"0":4,"1":2,"2":2},"b":{},"_coverageSchema":"1a1c01bbd47fc00a2c39e90264f33305004495a9","hash":"38565cff3500f3564f10eabd9351ee41d9db0d84"}
,"C:\\Code\\GitHub\\KrakenApp\\Kraken-Gameday-App\\components\\GameCard.tsx": {"path":"C:\\Code\\GitHub\\KrakenApp\\Kraken-Gameday-App\\components\\GameCard.tsx","statementMap":{"0":{"start":{"line":9,"column":2},"end":{"line":16,"column":4}},"1":{"start":{"line":19,"column":15},"end":{"line":39,"column":2}}},"fnMap":{"0":{"name":"GameCard","decl":{"start":{"line":8,"column":24},"end":{"line":8,"column":32}},"loc":{"start":{"line":8,"column":58},"end":{"line":17,"column":1}},"line":8}},"branchMap":{"0":{"loc":{"start":{"line":13,"column":35},"end":{"line":13,"column":83}},"type":"cond-expr","locations":[{"start":{"line":13,"column":62},"end":{"line":13,"column":71}},{"start":{"line":13,"column":74},"end":{"line":13,"column":83}}],"line":13}},"s":{"0":4,"1":2},"f":{"0":4},"b":{"0":[2,2]},"_coverageSchema":"1a1c01bbd47fc00a2c39e90264f33305004495a9","hash":"3b9b0abf33f3d436441d34d0d55400dbe768e9ff"}
,"C:\\Code\\GitHub\\KrakenApp\\Kraken-Gameday-App\\components\\GameList.tsx": {"path":"C:\\Code\\GitHub\\KrakenApp\\Kraken-Gameday-App\\components\\GameList.tsx","statementMap":{"0":{"start":{"line":12,"column":2},"end":{"line":18,"column":3}},"1":{"start":{"line":13,"column":4},"end":{"line":17,"column":6}},"2":{"start":{"line":20,"column":2},"end":{"line":26,"column":3}},"3":{"start":{"line":21,"column":4},"end":{"line":25,"column":6}},"4":{"start":{"line":28,"column":2},"end":{"line":35,"column":4}},"5":{"start":{"line":31,"column":30},"end":{"line":31,"column":37}},"6":{"start":{"line":32,"column":32},"end":{"line":32,"column":56}},"7":{"start":{"line":38,"column":15},"end":{"line":51,"column":2}}},"fnMap":{"0":{"name":"GameList","decl":{"start":{"line":11,"column":24},"end":{"line":11,"column":32}},"loc":{"start":{"line":11,"column":75},"end":{"line":36,"column":1}},"line":11},"1":{"name":"(anonymous_1)","decl":{"start":{"line":31,"column":20},"end":{"line":31,"column":21}},"loc":{"start":{"line":31,"column":30},"end":{"line":31,"column":37}},"line":31},"2":{"name":"(anonymous_2)","decl":{"start":{"line":32,"column":18},"end":{"line":32,"column":19}},"loc":{"start":{"line":32,"column":32},"end":{"line":32,"column":56}},"line":32}},"branchMap":{"0":{"loc":{"start":{"line":12,"column":2},"end":{"line":18,"column":3}},"type":"if","locations":[{"start":{"line":12,"column":2},"end":{"line":18,"column":3}},{"start":{},"end":{}}],"line":12},"1":{"loc":{"start":{"line":20,"column":2},"end":{"line":26,"column":3}},"type":"if","locations":[{"start":{"line":20,"column":2},"end":{"line":26,"column":3}},{"start":{},"end":{}}],"line":20}},"s":{"0":3,"1":1,"2":2,"3":1,"4":1,"5":3,"6":2,"7":1},"f":{"0":3,"1":3,"2":2},"b":{"0":[1,2],"1":[1,1]},"_coverageSchema":"1a1c01bbd47fc00a2c39e90264f33305004495a9","hash":"f600a5b8d22f50334567aeb10aaefb2e8d9bc68f"}
,"C:\\Code\\GitHub\\KrakenApp\\Kraken-Gameday-App\\services\\nhlApi.ts": {"path":"C:\\Code\\GitHub\\KrakenApp\\Kraken-Gameday-App\\services\\nhlApi.ts","statementMap":{"0":{"start":{"line":3,"column":25},"end":{"line":3,"column":30}},"1":{"start":{"line":4,"column":23},"end":{"line":4,"column":33}},"2":{"start":{"line":27,"column":2},"end":{"line":61,"column":3}},"3":{"start":{"line":28,"column":18},"end":{"line":28,"column":49}},"4":{"start":{"line":29,"column":20},"end":{"line":31,"column":98}},"5":{"start":{"line":33,"column":21},"end":{"line":33,"column":41}},"6":{"start":{"line":35,"column":4},"end":{"line":37,"column":5}},"7":{"start":{"line":36,"column":6},"end":{"line":36,"column":50}},"8":{"start":{"line":39,"column":38},"end":{"line":39,"column":59}},"9":{"start":{"line":41,"column":4},"end":{"line":58,"column":7}},"10":{"start":{"line":42,"column":21},"end":{"line":42,"column":62}},"11":{"start":{"line":43,"column":23},"end":{"line":45,"column":41}},"12":{"start":{"line":47,"column":6},"end":{"line":57,"column":8}},"13":{"start":{"line":60,"column":4},"end":{"line":60,"column":54}}},"fnMap":{"0":{"name":"getKrakenSchedule","decl":{"start":{"line":26,"column":22},"end":{"line":26,"column":39}},"loc":{"start":{"line":26,"column":59},"end":{"line":62,"column":1}},"line":26},"1":{"name":"(anonymous_1)","decl":{"start":{"line":41,"column":26},"end":{"line":41,"column":27}},"loc":{"start":{"line":41,"column":53},"end":{"line":58,"column":5}},"line":41}},"branchMap":{"0":{"loc":{"start":{"line":29,"column":20},"end":{"line":31,"column":98}},"type":"cond-expr","locations":[{"start":{"line":30,"column":10},"end":{"line":30,"column":120}},{"start":{"line":31,"column":10},"end":{"line":31,"column":98}}],"line":29},"1":{"loc":{"start":{"line":35,"column":4},"end":{"line":37,"column":5}},"type":"if","locations":[{"start":{"line":35,"column":4},"end":{"line":37,"column":5}},{"start":{},"end":{}}],"line":35},"2":{"loc":{"start":{"line":43,"column":23},"end":{"line":45,"column":41}},"type":"cond-expr","locations":[{"start":{"line":44,"column":10},"end":{"line":44,"column":41}},{"start":{"line":45,"column":10},"end":{"line":45,"column":41}}],"line":43},"3":{"loc":{"start":{"line":55,"column":18},"end":{"line":55,"column":42}},"type":"cond-expr","locations":[{"start":{"line":55,"column":27},"end":{"line":55,"column":33}},{"start":{"line":55,"column":36},"end":{"line":55,"column":42}}],"line":55}},"s":{"0":1,"1":1,"2":4,"3":4,"4":4,"5":4,"6":3,"7":1,"8":2,"9":2,"10":2,"11":2,"12":2,"13":2},"f":{"0":4,"1":2},"b":{"0":[1,3],"1":[1,2],"2":[1,1],"3":[1,1]},"_coverageSchema":"1a1c01bbd47fc00a2c39e90264f33305004495a9","hash":"2da216d5b9cb2a2e81edfb28db0586708e401844"}
}
