{"C:\\Code\\GitHub\\KrakenApp\\Kraken-Gameday-App\\App.tsx": {"path":"C:\\Code\\GitHub\\KrakenApp\\Kraken-Gameday-App\\App.tsx","statementMap":{"0":{"start":{"line":13,"column":28},"end":{"line":13,"column":48}},"1":{"start":{"line":14,"column":32},"end":{"line":14,"column":55}},"2":{"start":{"line":15,"column":28},"end":{"line":15,"column":57}},"3":{"start":{"line":16,"column":24},"end":{"line":16,"column":49}},"4":{"start":{"line":17,"column":42},"end":{"line":17,"column":72}},"5":{"start":{"line":18,"column":48},"end":{"line":18,"column":63}},"6":{"start":{"line":20,"column":27},"end":{"line":22,"column":17}},"7":{"start":{"line":21,"column":29},"end":{"line":21,"column":54}},"8":{"start":{"line":24,"column":2},"end":{"line":42,"column":21}},"9":{"start":{"line":25,"column":4},"end":{"line":25,"column":21}},"10":{"start":{"line":26,"column":4},"end":{"line":26,"column":19}},"11":{"start":{"line":29,"column":6},"end":{"line":38,"column":7}},"12":{"start":{"line":30,"column":21},"end":{"line":32,"column":47}},"13":{"start":{"line":33,"column":8},"end":{"line":33,"column":23}},"14":{"start":{"line":35,"column":8},"end":{"line":35,"column":44}},"15":{"start":{"line":37,"column":8},"end":{"line":37,"column":26}},"16":{"start":{"line":41,"column":4},"end":{"line":41,"column":19}},"17":{"start":{"line":44,"column":2},"end":{"line":66,"column":4}},"18":{"start":{"line":46,"column":64},"end":{"line":46,"column":88}},"19":{"start":{"line":62,"column":23},"end":{"line":62,"column":48}},"20":{"start":{"line":69,"column":15},"end":{"line":92,"column":2}}},"fnMap":{"0":{"name":"App","decl":{"start":{"line":12,"column":24},"end":{"line":12,"column":27}},"loc":{"start":{"line":12,"column":30},"end":{"line":67,"column":1}},"line":12},"1":{"name":"(anonymous_1)","decl":{"start":{"line":21,"column":22},"end":{"line":21,"column":23}},"loc":{"start":{"line":21,"column":29},"end":{"line":21,"column":54}},"line":21},"2":{"name":"(anonymous_2)","decl":{"start":{"line":24,"column":12},"end":{"line":24,"column":13}},"loc":{"start":{"line":24,"column":18},"end":{"line":42,"column":3}},"line":24},"3":{"name":"loadSchedule","decl":{"start":{"line":28,"column":19},"end":{"line":28,"column":31}},"loc":{"start":{"line":28,"column":34},"end":{"line":39,"column":5}},"line":28},"4":{"name":"(anonymous_4)","decl":{"start":{"line":46,"column":58},"end":{"line":46,"column":59}},"loc":{"start":{"line":46,"column":64},"end":{"line":46,"column":88}},"line":46},"5":{"name":"(anonymous_5)","decl":{"start":{"line":62,"column":17},"end":{"line":62,"column":18}},"loc":{"start":{"line":62,"column":23},"end":{"line":62,"column":48}},"line":62}},"branchMap":{"0":{"loc":{"start":{"line":20,"column":27},"end":{"line":22,"column":17}},"type":"cond-expr","locations":[{"start":{"line":21,"column":7},"end":{"line":21,"column":77}},{"start":{"line":22,"column":6},"end":{"line":22,"column":17}}],"line":20},"1":{"loc":{"start":{"line":21,"column":7},"end":{"line":21,"column":77}},"type":"binary-expr","locations":[{"start":{"line":21,"column":7},"end":{"line":21,"column":61}},{"start":{"line":21,"column":65},"end":{"line":21,"column":77}}],"line":21},"2":{"loc":{"start":{"line":30,"column":21},"end":{"line":32,"column":47}},"type":"cond-expr","locations":[{"start":{"line":31,"column":12},"end":{"line":31,"column":31}},{"start":{"line":32,"column":12},"end":{"line":32,"column":47}}],"line":30}},"s":{"0":38,"1":38,"2":38,"3":38,"4":38,"5":38,"6":38,"7":763,"8":38,"9":16,"10":16,"11":16,"12":16,"13":14,"14":2,"15":16,"16":16,"17":38,"18":2,"19":1,"20":1},"f":{"0":38,"1":763,"2":16,"3":16,"4":2,"5":1},"b":{"0":[32,6],"1":[32,3],"2":[2,14]},"_coverageSchema":"1a1c01bbd47fc00a2c39e90264f33305004495a9","hash":"9ed13086d50d1712c71ab0b004afaa5b5a385088"}
,"C:\\Code\\GitHub\\KrakenApp\\Kraken-Gameday-App\\components\\GameCard.tsx": {"path":"C:\\Code\\GitHub\\KrakenApp\\Kraken-Gameday-App\\components\\GameCard.tsx","statementMap":{"0":{"start":{"line":11,"column":17},"end":{"line":11,"column":39}},"1":{"start":{"line":12,"column":18},"end":{"line":12,"column":41}},"2":{"start":{"line":13,"column":19},"end":{"line":13,"column":73}},"3":{"start":{"line":15,"column":2},"end":{"line":36,"column":4}},"4":{"start":{"line":39,"column":15},"end":{"line":91,"column":2}}},"fnMap":{"0":{"name":"GameCard","decl":{"start":{"line":10,"column":24},"end":{"line":10,"column":32}},"loc":{"start":{"line":10,"column":98},"end":{"line":37,"column":1}},"line":10}},"branchMap":{"0":{"loc":{"start":{"line":10,"column":41},"end":{"line":10,"column":59}},"type":"default-arg","locations":[{"start":{"line":10,"column":54},"end":{"line":10,"column":59}}],"line":10},"1":{"loc":{"start":{"line":10,"column":61},"end":{"line":10,"column":79}},"type":"default-arg","locations":[{"start":{"line":10,"column":74},"end":{"line":10,"column":79}}],"line":10},"2":{"loc":{"start":{"line":13,"column":19},"end":{"line":13,"column":73}},"type":"binary-expr","locations":[{"start":{"line":13,"column":19},"end":{"line":13,"column":42}},{"start":{"line":13,"column":46},"end":{"line":13,"column":73}}],"line":13},"3":{"loc":{"start":{"line":16,"column":31},"end":{"line":16,"column":64}},"type":"binary-expr","locations":[{"start":{"line":16,"column":31},"end":{"line":16,"column":41}},{"start":{"line":16,"column":45},"end":{"line":16,"column":64}}],"line":16},"4":{"loc":{"start":{"line":17,"column":7},"end":{"line":17,"column":72}},"type":"binary-expr","locations":[{"start":{"line":17,"column":7},"end":{"line":17,"column":17}},{"start":{"line":17,"column":21},"end":{"line":17,"column":72}}],"line":17},"5":{"loc":{"start":{"line":18,"column":7},"end":{"line":18,"column":59}},"type":"binary-expr","locations":[{"start":{"line":18,"column":7},"end":{"line":18,"column":13}},{"start":{"line":18,"column":17},"end":{"line":18,"column":59}}],"line":18},"6":{"loc":{"start":{"line":19,"column":7},"end":{"line":19,"column":62}},"type":"binary-expr","locations":[{"start":{"line":19,"column":7},"end":{"line":19,"column":14}},{"start":{"line":19,"column":18},"end":{"line":19,"column":62}}],"line":19},"7":{"loc":{"start":{"line":21,"column":7},"end":{"line":25,"column":7}},"type":"cond-expr","locations":[{"start":{"line":22,"column":8},"end":{"line":22,"column":100}},{"start":{"line":24,"column":8},"end":{"line":24,"column":63}}],"line":21},"8":{"loc":{"start":{"line":22,"column":8},"end":{"line":22,"column":100}},"type":"binary-expr","locations":[{"start":{"line":22,"column":8},"end":{"line":22,"column":17}},{"start":{"line":22,"column":21},"end":{"line":22,"column":100}}],"line":22},"9":{"loc":{"start":{"line":27,"column":7},"end":{"line":31,"column":7}},"type":"cond-expr","locations":[{"start":{"line":28,"column":8},"end":{"line":28,"column":121}},{"start":{"line":30,"column":8},"end":{"line":30,"column":72}}],"line":27},"10":{"loc":{"start":{"line":33,"column":35},"end":{"line":33,"column":83}},"type":"cond-expr","locations":[{"start":{"line":33,"column":62},"end":{"line":33,"column":71}},{"start":{"line":33,"column":74},"end":{"line":33,"column":83}}],"line":33}},"s":{"0":18,"1":18,"2":18,"3":18,"4":2},"f":{"0":18},"b":{"0":[12],"1":[12],"2":[18,5],"3":[18,3],"4":[18,3],"5":[18,3],"6":[18,2],"7":[6,12],"8":[6,5],"9":[5,13],"10":[15,3]},"_coverageSchema":"1a1c01bbd47fc00a2c39e90264f33305004495a9","hash":"7ddb4331ded1c5acb51a1023f8f65f649a82a29b"}
,"C:\\Code\\GitHub\\KrakenApp\\Kraken-Gameday-App\\components\\GameList.tsx": {"path":"C:\\Code\\GitHub\\KrakenApp\\Kraken-Gameday-App\\components\\GameList.tsx","statementMap":{"0":{"start":{"line":19,"column":21},"end":{"line":22,"column":3}},"1":{"start":{"line":20,"column":10},"end":{"line":20,"column":64}},"2":{"start":{"line":20,"column":28},"end":{"line":20,"column":51}},"3":{"start":{"line":24,"column":2},"end":{"line":30,"column":3}},"4":{"start":{"line":25,"column":4},"end":{"line":29,"column":6}},"5":{"start":{"line":32,"column":2},"end":{"line":38,"column":3}},"6":{"start":{"line":33,"column":4},"end":{"line":37,"column":6}},"7":{"start":{"line":40,"column":2},"end":{"line":71,"column":3}},"8":{"start":{"line":41,"column":20},"end":{"line":41,"column":45}},"9":{"start":{"line":42,"column":4},"end":{"line":46,"column":5}},"10":{"start":{"line":43,"column":23},"end":{"line":43,"column":51}},"11":{"start":{"line":44,"column":6},"end":{"line":44,"column":26}},"12":{"start":{"line":45,"column":6},"end":{"line":45,"column":39}},"13":{"start":{"line":48,"column":33},"end":{"line":48,"column":35}},"14":{"start":{"line":49,"column":4},"end":{"line":54,"column":5}},"15":{"start":{"line":50,"column":6},"end":{"line":50,"column":46}},"16":{"start":{"line":51,"column":6},"end":{"line":53,"column":7}},"17":{"start":{"line":52,"column":8},"end":{"line":52,"column":46}},"18":{"start":{"line":56,"column":4},"end":{"line":70,"column":6}},"19":{"start":{"line":60,"column":34},"end":{"line":60,"column":95}},"20":{"start":{"line":62,"column":12},"end":{"line":64,"column":13}},"21":{"start":{"line":63,"column":14},"end":{"line":63,"column":72}},"22":{"start":{"line":65,"column":12},"end":{"line":65,"column":60}},"23":{"start":{"line":73,"column":19},"end":{"line":75,"column":3}},"24":{"start":{"line":74,"column":4},"end":{"line":74,"column":68}},"25":{"start":{"line":77,"column":2},"end":{"line":106,"column":4}},"26":{"start":{"line":82,"column":25},"end":{"line":82,"column":48}},"27":{"start":{"line":88,"column":25},"end":{"line":88,"column":48}},"28":{"start":{"line":96,"column":32},"end":{"line":96,"column":39}},"29":{"start":{"line":98,"column":10},"end":{"line":101,"column":12}},"30":{"start":{"line":109,"column":15},"end":{"line":157,"column":2}}},"fnMap":{"0":{"name":"GameList","decl":{"start":{"line":18,"column":24},"end":{"line":18,"column":32}},"loc":{"start":{"line":18,"column":114},"end":{"line":107,"column":1}},"line":18},"1":{"name":"(anonymous_1)","decl":{"start":{"line":20,"column":4},"end":{"line":20,"column":5}},"loc":{"start":{"line":20,"column":10},"end":{"line":20,"column":64}},"line":20},"2":{"name":"(anonymous_2)","decl":{"start":{"line":20,"column":21},"end":{"line":20,"column":22}},"loc":{"start":{"line":20,"column":28},"end":{"line":20,"column":51}},"line":20},"3":{"name":"(anonymous_3)","decl":{"start":{"line":60,"column":24},"end":{"line":60,"column":25}},"loc":{"start":{"line":60,"column":34},"end":{"line":60,"column":95}},"line":60},"4":{"name":"(anonymous_4)","decl":{"start":{"line":61,"column":22},"end":{"line":61,"column":23}},"loc":{"start":{"line":61,"column":36},"end":{"line":66,"column":11}},"line":61},"5":{"name":"(anonymous_5)","decl":{"start":{"line":73,"column":32},"end":{"line":73,"column":33}},"loc":{"start":{"line":74,"column":4},"end":{"line":74,"column":68}},"line":74},"6":{"name":"(anonymous_6)","decl":{"start":{"line":82,"column":19},"end":{"line":82,"column":20}},"loc":{"start":{"line":82,"column":25},"end":{"line":82,"column":48}},"line":82},"7":{"name":"(anonymous_7)","decl":{"start":{"line":88,"column":19},"end":{"line":88,"column":20}},"loc":{"start":{"line":88,"column":25},"end":{"line":88,"column":48}},"line":88},"8":{"name":"(anonymous_8)","decl":{"start":{"line":96,"column":22},"end":{"line":96,"column":23}},"loc":{"start":{"line":96,"column":32},"end":{"line":96,"column":39}},"line":96},"9":{"name":"(anonymous_9)","decl":{"start":{"line":97,"column":20},"end":{"line":97,"column":21}},"loc":{"start":{"line":98,"column":10},"end":{"line":101,"column":12}},"line":98}},"branchMap":{"0":{"loc":{"start":{"line":18,"column":76},"end":{"line":18,"column":95}},"type":"default-arg","locations":[{"start":{"line":18,"column":90},"end":{"line":18,"column":95}}],"line":18},"1":{"loc":{"start":{"line":20,"column":10},"end":{"line":20,"column":64}},"type":"binary-expr","locations":[{"start":{"line":20,"column":10},"end":{"line":20,"column":56}},{"start":{"line":20,"column":60},"end":{"line":20,"column":64}}],"line":20},"2":{"loc":{"start":{"line":24,"column":2},"end":{"line":30,"column":3}},"type":"if","locations":[{"start":{"line":24,"column":2},"end":{"line":30,"column":3}},{"start":{},"end":{}}],"line":24},"3":{"loc":{"start":{"line":32,"column":2},"end":{"line":38,"column":3}},"type":"if","locations":[{"start":{"line":32,"column":2},"end":{"line":38,"column":3}},{"start":{},"end":{}}],"line":32},"4":{"loc":{"start":{"line":40,"column":2},"end":{"line":71,"column":3}},"type":"if","locations":[{"start":{"line":40,"column":2},"end":{"line":71,"column":3}},{"start":{},"end":{}}],"line":40},"5":{"loc":{"start":{"line":43,"column":23},"end":{"line":43,"column":51}},"type":"binary-expr","locations":[{"start":{"line":43,"column":23},"end":{"line":43,"column":45}},{"start":{"line":43,"column":49},"end":{"line":43,"column":51}}],"line":43},"6":{"loc":{"start":{"line":60,"column":34},"end":{"line":60,"column":95}},"type":"cond-expr","locations":[{"start":{"line":60,"column":59},"end":{"line":60,"column":80}},{"start":{"line":60,"column":83},"end":{"line":60,"column":95}}],"line":60},"7":{"loc":{"start":{"line":62,"column":12},"end":{"line":64,"column":13}},"type":"if","locations":[{"start":{"line":62,"column":12},"end":{"line":64,"column":13}},{"start":{},"end":{}}],"line":62},"8":{"loc":{"start":{"line":74,"column":4},"end":{"line":74,"column":68}},"type":"cond-expr","locations":[{"start":{"line":74,"column":25},"end":{"line":74,"column":45}},{"start":{"line":74,"column":48},"end":{"line":74,"column":68}}],"line":74},"9":{"loc":{"start":{"line":81,"column":30},"end":{"line":81,"column":68}},"type":"binary-expr","locations":[{"start":{"line":81,"column":30},"end":{"line":81,"column":48}},{"start":{"line":81,"column":52},"end":{"line":81,"column":68}}],"line":81},"10":{"loc":{"start":{"line":84,"column":40},"end":{"line":84,"column":82}},"type":"binary-expr","locations":[{"start":{"line":84,"column":40},"end":{"line":84,"column":58}},{"start":{"line":84,"column":62},"end":{"line":84,"column":82}}],"line":84},"11":{"loc":{"start":{"line":87,"column":30},"end":{"line":87,"column":68}},"type":"binary-expr","locations":[{"start":{"line":87,"column":30},"end":{"line":87,"column":48}},{"start":{"line":87,"column":52},"end":{"line":87,"column":68}}],"line":87},"12":{"loc":{"start":{"line":90,"column":40},"end":{"line":90,"column":82}},"type":"binary-expr","locations":[{"start":{"line":90,"column":40},"end":{"line":90,"column":58}},{"start":{"line":90,"column":62},"end":{"line":90,"column":82}}],"line":90},"13":{"loc":{"start":{"line":100,"column":24},"end":{"line":100,"column":68}},"type":"binary-expr","locations":[{"start":{"line":100,"column":24},"end":{"line":100,"column":42}},{"start":{"line":100,"column":46},"end":{"line":100,"column":68}}],"line":100}},"s":{"0":11,"1":11,"2":6,"3":11,"4":1,"5":10,"6":1,"7":9,"8":3,"9":3,"10":4,"11":4,"12":4,"13":3,"14":3,"15":3,"16":3,"17":4,"18":3,"19":9,"20":7,"21":3,"22":4,"23":6,"24":6,"25":6,"26":1,"27":1,"28":8,"29":5,"30":1},"f":{"0":11,"1":11,"2":6,"3":9,"4":7,"5":6,"6":1,"7":1,"8":8,"9":5},"b":{"0":[8],"1":[11,7],"2":[1,10],"3":[1,9],"4":[3,6],"5":[4,3],"6":[5,4],"7":[3,4],"8":[5,1],"9":[6,4],"10":[6,4],"11":[6,2],"12":[6,2],"13":[5,4]},"_coverageSchema":"1a1c01bbd47fc00a2c39e90264f33305004495a9","hash":"12fed64ebf72aee4e54923dc811c3122cb824f7d"}
,"C:\\Code\\GitHub\\KrakenApp\\Kraken-Gameday-App\\components\\TeamSelector.tsx": {"path":"C:\\Code\\GitHub\\KrakenApp\\Kraken-Gameday-App\\components\\TeamSelector.tsx","statementMap":{"0":{"start":{"line":12,"column":23},"end":{"line":15,"column":3}},"1":{"start":{"line":13,"column":4},"end":{"line":13,"column":21}},"2":{"start":{"line":14,"column":4},"end":{"line":14,"column":14}},"3":{"start":{"line":17,"column":2},"end":{"line":66,"column":4}},"4":{"start":{"line":30,"column":27},"end":{"line":30,"column":45}},"5":{"start":{"line":43,"column":33},"end":{"line":43,"column":61}},"6":{"start":{"line":44,"column":14},"end":{"line":56,"column":16}},"7":{"start":{"line":48,"column":33},"end":{"line":48,"column":58}},"8":{"start":{"line":69,"column":15},"end":{"line":134,"column":2}}},"fnMap":{"0":{"name":"TeamSelector","decl":{"start":{"line":11,"column":24},"end":{"line":11,"column":36}},"loc":{"start":{"line":11,"column":102},"end":{"line":67,"column":1}},"line":11},"1":{"name":"(anonymous_1)","decl":{"start":{"line":12,"column":23},"end":{"line":12,"column":24}},"loc":{"start":{"line":12,"column":50},"end":{"line":15,"column":3}},"line":12},"2":{"name":"(anonymous_2)","decl":{"start":{"line":30,"column":21},"end":{"line":30,"column":22}},"loc":{"start":{"line":30,"column":27},"end":{"line":30,"column":45}},"line":30},"3":{"name":"(anonymous_3)","decl":{"start":{"line":42,"column":27},"end":{"line":42,"column":28}},"loc":{"start":{"line":42,"column":37},"end":{"line":57,"column":13}},"line":42},"4":{"name":"(anonymous_4)","decl":{"start":{"line":48,"column":27},"end":{"line":48,"column":28}},"loc":{"start":{"line":48,"column":33},"end":{"line":48,"column":58}},"line":48}},"branchMap":{"0":{"loc":{"start":{"line":29,"column":32},"end":{"line":29,"column":75}},"type":"binary-expr","locations":[{"start":{"line":29,"column":32},"end":{"line":29,"column":53}},{"start":{"line":29,"column":57},"end":{"line":29,"column":75}}],"line":29},"1":{"loc":{"start":{"line":33,"column":42},"end":{"line":33,"column":86}},"type":"binary-expr","locations":[{"start":{"line":33,"column":42},"end":{"line":33,"column":63}},{"start":{"line":33,"column":67},"end":{"line":33,"column":86}}],"line":33},"2":{"loc":{"start":{"line":36,"column":13},"end":{"line":36,"column":79}},"type":"cond-expr","locations":[{"start":{"line":36,"column":37},"end":{"line":36,"column":72}},{"start":{"line":36,"column":75},"end":{"line":36,"column":79}}],"line":36},"3":{"loc":{"start":{"line":47,"column":38},"end":{"line":47,"column":70}},"type":"binary-expr","locations":[{"start":{"line":47,"column":38},"end":{"line":47,"column":48}},{"start":{"line":47,"column":52},"end":{"line":47,"column":70}}],"line":47},"4":{"loc":{"start":{"line":51,"column":48},"end":{"line":51,"column":81}},"type":"binary-expr","locations":[{"start":{"line":51,"column":48},"end":{"line":51,"column":58}},{"start":{"line":51,"column":62},"end":{"line":51,"column":81}}],"line":51},"5":{"loc":{"start":{"line":54,"column":19},"end":{"line":54,"column":74}},"type":"cond-expr","locations":[{"start":{"line":54,"column":32},"end":{"line":54,"column":67}},{"start":{"line":54,"column":70},"end":{"line":54,"column":74}}],"line":54}},"s":{"0":8,"1":2,"2":2,"3":8,"4":1,"5":256,"6":256,"7":1,"8":1},"f":{"0":8,"1":2,"2":1,"3":256,"4":1},"b":{"0":[8,1],"1":[8,1],"2":[1,7],"3":[256,7],"4":[256,7],"5":[7,249]},"_coverageSchema":"1a1c01bbd47fc00a2c39e90264f33305004495a9","hash":"b462aba7de69501ab92b332f20ccd8be6e134895"}
,"C:\\Code\\GitHub\\KrakenApp\\Kraken-Gameday-App\\services\\nhlApi.ts": {"path":"C:\\Code\\GitHub\\KrakenApp\\Kraken-Gameday-App\\services\\nhlApi.ts","statementMap":{"0":{"start":{"line":3,"column":23},"end":{"line":3,"column":33}},"1":{"start":{"line":37,"column":2},"end":{"line":37,"column":54}},"2":{"start":{"line":37,"column":40},"end":{"line":37,"column":54}},"3":{"start":{"line":38,"column":2},"end":{"line":38,"column":67}},"4":{"start":{"line":38,"column":52},"end":{"line":38,"column":67}},"5":{"start":{"line":39,"column":2},"end":{"line":39,"column":20}},"6":{"start":{"line":43,"column":17},"end":{"line":43,"column":97}},"7":{"start":{"line":44,"column":2},"end":{"line":44,"column":60}},"8":{"start":{"line":48,"column":29},"end":{"line":48,"column":59}},"9":{"start":{"line":49,"column":2},"end":{"line":53,"column":5}},"10":{"start":{"line":57,"column":17},"end":{"line":57,"column":50}},"11":{"start":{"line":58,"column":17},"end":{"line":58,"column":55}},"12":{"start":{"line":59,"column":20},"end":{"line":59,"column":58}},"13":{"start":{"line":60,"column":17},"end":{"line":60,"column":45}},"14":{"start":{"line":61,"column":19},"end":{"line":61,"column":78}},"15":{"start":{"line":63,"column":2},"end":{"line":79,"column":4}},"16":{"start":{"line":83,"column":2},"end":{"line":95,"column":3}},"17":{"start":{"line":84,"column":18},"end":{"line":84,"column":49}},"18":{"start":{"line":85,"column":21},"end":{"line":85,"column":59}},"19":{"start":{"line":87,"column":4},"end":{"line":89,"column":5}},"20":{"start":{"line":88,"column":6},"end":{"line":88,"column":50}},"21":{"start":{"line":91,"column":38},"end":{"line":91,"column":59}},"22":{"start":{"line":92,"column":4},"end":{"line":92,"column":61}},"23":{"start":{"line":92,"column":36},"end":{"line":92,"column":59}},"24":{"start":{"line":94,"column":4},"end":{"line":94,"column":47}},"25":{"start":{"line":99,"column":2},"end":{"line":99,"column":32}},"26":{"start":{"line":103,"column":2},"end":{"line":115,"column":3}},"27":{"start":{"line":104,"column":18},"end":{"line":104,"column":49}},"28":{"start":{"line":105,"column":19},"end":{"line":105,"column":61}},"29":{"start":{"line":106,"column":16},"end":{"line":106,"column":66}},"30":{"start":{"line":107,"column":21},"end":{"line":107,"column":37}},"31":{"start":{"line":108,"column":4},"end":{"line":108,"column":66}},"32":{"start":{"line":108,"column":22},"end":{"line":108,"column":66}},"33":{"start":{"line":109,"column":44},"end":{"line":109,"column":65}},"34":{"start":{"line":110,"column":4},"end":{"line":112,"column":6}},"35":{"start":{"line":111,"column":6},"end":{"line":111,"column":76}},"36":{"start":{"line":111,"column":30},"end":{"line":111,"column":75}},"37":{"start":{"line":114,"column":4},"end":{"line":114,"column":47}}},"fnMap":{"0":{"name":"mapGameState","decl":{"start":{"line":36,"column":9},"end":{"line":36,"column":21}},"loc":{"start":{"line":36,"column":68},"end":{"line":40,"column":1}},"line":36},"1":{"name":"buildUrl","decl":{"start":{"line":42,"column":9},"end":{"line":42,"column":17}},"loc":{"start":{"line":42,"column":60},"end":{"line":45,"column":1}},"line":42},"2":{"name":"formatDate","decl":{"start":{"line":47,"column":9},"end":{"line":47,"column":19}},"loc":{"start":{"line":47,"column":45},"end":{"line":54,"column":1}},"line":47},"3":{"name":"mapGame","decl":{"start":{"line":56,"column":9},"end":{"line":56,"column":16}},"loc":{"start":{"line":56,"column":82},"end":{"line":80,"column":1}},"line":56},"4":{"name":"getTeamSchedule","decl":{"start":{"line":82,"column":22},"end":{"line":82,"column":37}},"loc":{"start":{"line":82,"column":73},"end":{"line":96,"column":1}},"line":82},"5":{"name":"(anonymous_5)","decl":{"start":{"line":92,"column":26},"end":{"line":92,"column":27}},"loc":{"start":{"line":92,"column":36},"end":{"line":92,"column":59}},"line":92},"6":{"name":"getKrakenSchedule","decl":{"start":{"line":98,"column":22},"end":{"line":98,"column":39}},"loc":{"start":{"line":98,"column":59},"end":{"line":100,"column":1}},"line":98},"7":{"name":"getAllGames","decl":{"start":{"line":102,"column":22},"end":{"line":102,"column":33}},"loc":{"start":{"line":102,"column":53},"end":{"line":116,"column":1}},"line":102},"8":{"name":"(anonymous_8)","decl":{"start":{"line":110,"column":33},"end":{"line":110,"column":34}},"loc":{"start":{"line":111,"column":6},"end":{"line":111,"column":76}},"line":111},"9":{"name":"(anonymous_9)","decl":{"start":{"line":111,"column":20},"end":{"line":111,"column":21}},"loc":{"start":{"line":111,"column":30},"end":{"line":111,"column":75}},"line":111}},"branchMap":{"0":{"loc":{"start":{"line":37,"column":2},"end":{"line":37,"column":54}},"type":"if","locations":[{"start":{"line":37,"column":2},"end":{"line":37,"column":54}},{"start":{},"end":{}}],"line":37},"1":{"loc":{"start":{"line":38,"column":2},"end":{"line":38,"column":67}},"type":"if","locations":[{"start":{"line":38,"column":2},"end":{"line":38,"column":67}},{"start":{},"end":{}}],"line":38},"2":{"loc":{"start":{"line":44,"column":9},"end":{"line":44,"column":59}},"type":"cond-expr","locations":[{"start":{"line":44,"column":17},"end":{"line":44,"column":50}},{"start":{"line":44,"column":53},"end":{"line":44,"column":59}}],"line":44},"3":{"loc":{"start":{"line":58,"column":17},"end":{"line":58,"column":55}},"type":"cond-expr","locations":[{"start":{"line":58,"column":26},"end":{"line":58,"column":39}},{"start":{"line":58,"column":42},"end":{"line":58,"column":55}}],"line":58},"4":{"loc":{"start":{"line":59,"column":20},"end":{"line":59,"column":58}},"type":"cond-expr","locations":[{"start":{"line":59,"column":29},"end":{"line":59,"column":42}},{"start":{"line":59,"column":45},"end":{"line":59,"column":58}}],"line":59},"5":{"loc":{"start":{"line":61,"column":19},"end":{"line":61,"column":78}},"type":"binary-expr","locations":[{"start":{"line":61,"column":19},"end":{"line":61,"column":45}},{"start":{"line":61,"column":49},"end":{"line":61,"column":78}}],"line":61},"6":{"loc":{"start":{"line":67,"column":21},"end":{"line":67,"column":45}},"type":"binary-expr","locations":[{"start":{"line":67,"column":21},"end":{"line":67,"column":28}},{"start":{"line":67,"column":32},"end":{"line":67,"column":45}}],"line":67},"7":{"loc":{"start":{"line":73,"column":14},"end":{"line":73,"column":38}},"type":"cond-expr","locations":[{"start":{"line":73,"column":23},"end":{"line":73,"column":29}},{"start":{"line":73,"column":32},"end":{"line":73,"column":38}}],"line":73},"8":{"loc":{"start":{"line":77,"column":15},"end":{"line":77,"column":57}},"type":"cond-expr","locations":[{"start":{"line":77,"column":27},"end":{"line":77,"column":49}},{"start":{"line":77,"column":53},"end":{"line":77,"column":57}}],"line":77},"9":{"loc":{"start":{"line":78,"column":19},"end":{"line":78,"column":64}},"type":"cond-expr","locations":[{"start":{"line":78,"column":31},"end":{"line":78,"column":56}},{"start":{"line":78,"column":60},"end":{"line":78,"column":64}}],"line":78},"10":{"loc":{"start":{"line":87,"column":4},"end":{"line":89,"column":5}},"type":"if","locations":[{"start":{"line":87,"column":4},"end":{"line":89,"column":5}},{"start":{},"end":{}}],"line":87},"11":{"loc":{"start":{"line":106,"column":16},"end":{"line":106,"column":66}},"type":"cond-expr","locations":[{"start":{"line":106,"column":24},"end":{"line":106,"column":57}},{"start":{"line":106,"column":60},"end":{"line":106,"column":66}}],"line":106},"12":{"loc":{"start":{"line":108,"column":4},"end":{"line":108,"column":66}},"type":"if","locations":[{"start":{"line":108,"column":4},"end":{"line":108,"column":66}},{"start":{},"end":{}}],"line":108}},"s":{"0":1,"1":11,"2":2,"3":9,"4":3,"5":6,"6":14,"7":14,"8":11,"9":11,"10":11,"11":11,"12":11,"13":11,"14":11,"15":11,"16":14,"17":14,"18":14,"19":13,"20":1,"21":12,"22":12,"23":8,"24":2,"25":1,"26":6,"27":6,"28":6,"29":6,"30":6,"31":5,"32":1,"33":4,"34":4,"35":3,"36":3,"37":2},"f":{"0":11,"1":14,"2":11,"3":11,"4":14,"5":8,"6":1,"7":6,"8":3,"9":3},"b":{"0":[2,9],"1":[3,6],"2":[1,13],"3":[10,1],"4":[10,1],"5":[11,5],"6":[11,8],"7":[10,1],"8":[5,6],"9":[5,6],"10":[1,12],"11":[1,5],"12":[1,4]},"_coverageSchema":"1a1c01bbd47fc00a2c39e90264f33305004495a9","hash":"b07e77dbffa5801432a4796ce3227634609c03d3"}
}
