TN:
SF:App.tsx
FN:8,App
FN:13,(anonymous_1)
FN:14,loadSchedule
FNF:3
FNH:3
FNDA:4,App
FNDA:2,(anonymous_1)
FNDA:2,loadSchedule
DA:9,4
DA:10,4
DA:11,4
DA:13,4
DA:15,2
DA:16,2
DA:17,1
DA:19,1
DA:21,2
DA:25,2
DA:28,4
DA:37,1
LF:12
LH:12
BRF:0
BRH:0
end_of_record
TN:
SF:components\GameCard.tsx
FN:8,GameCard
FNF:1
FNH:1
FNDA:4,GameCard
DA:9,4
DA:19,2
LF:2
LH:2
BRDA:13,0,0,2
BRDA:13,0,1,2
BRF:2
BRH:2
end_of_record
TN:
SF:components\GameList.tsx
FN:11,GameList
FN:31,(anonymous_1)
FN:32,(anonymous_2)
FNF:3
FNH:3
FNDA:3,GameList
FNDA:3,(anonymous_1)
FNDA:2,(anonymous_2)
DA:12,3
DA:13,1
DA:20,2
DA:21,1
DA:28,1
DA:31,3
DA:32,2
DA:38,1
LF:8
LH:8
BRDA:12,0,0,1
BRDA:12,0,1,2
BRDA:20,1,0,1
BRDA:20,1,1,1
BRF:4
BRH:4
end_of_record
TN:
SF:services\nhlApi.ts
FN:26,getKrakenSchedule
FN:41,(anonymous_1)
FNF:2
FNH:2
FNDA:4,getKrakenSchedule
FNDA:2,(anonymous_1)
DA:3,1
DA:4,1
DA:27,4
DA:28,4
DA:29,4
DA:33,4
DA:35,3
DA:36,1
DA:39,2
DA:41,2
DA:42,2
DA:43,2
DA:47,2
DA:60,2
LF:14
LH:14
BRDA:29,0,0,1
BRDA:29,0,1,3
BRDA:35,1,0,1
BRDA:35,1,1,2
BRDA:43,2,0,1
BRDA:43,2,1,1
BRDA:55,3,0,1
BRDA:55,3,1,1
BRF:8
BRH:8
end_of_record
